Arguments: 
  /usr/local/Cellar/node/21.6.1/bin/node /usr/local/Cellar/yarn/1.22.19/libexec/bin/yarn.js install

PATH: 
  /usr/local/opt/openjdk@11/bin:/usr/local/opt/thrift@0.13/bin:/Users/guoanhu/miniconda3/bin:/usr/local/bin:/usr/bin:/bin:/usr/sbin:/sbin:/Users/guoanhu/2022/sideproject/source/backend/antimobile:/Users/guoanhu/software/apache-maven-3.8.6/bin:/Users/guoanhu/shortcut/platform-tools/

Yarn version: 
  1.22.19

Node version: 
  21.6.1

Platform: 
  darwin x64

Trace: 
  Error: certificate has expired
      at TLSSocket.onConnectSecure (node:_tls_wrap:1674:34)
      at TLSSocket.emit (node:events:519:28)
      at TLSSocket._finishInit (node:_tls_wrap:1085:8)
      at ssl.onhandshakedone (node:_tls_wrap:871:12)

npm manifest: 
  {
    "name": "angel",
    "version": "0.1.0",
    "private": true,
    "dependencies": {
      "@testing-library/jest-dom": "^5.16.5",
      "@testing-library/react": "^13.4.0",
      "@testing-library/user-event": "^13.5.0",
      "antd": "^5.4.2",
      "antd-mobile": "^5.29.1",
      "antd-mobile-icons": "^0.3.0",
      "crypto-js": "^4.1.1",
      "framer-motion": "^10.12.4",
      "react": "^18.2.0",
      "react-dom": "^18.2.0",
      "react-router-dom": "^6.10.0",
      "react-scripts": "5.0.1",
      "universal-cookie": "^4.0.4",
      "web-vitals": "^2.1.4"
    },
    "scripts": {
      "start": "react-scripts start",
      "build": "react-scripts build",
      "test": "react-scripts test",
      "eject": "react-scripts eject"
    },
    "eslintConfig": {
      "extends": [
        "react-app",
        "react-app/jest"
      ]
    },
    "browserslist": {
      "production": [
        ">0.2%",
        "not dead",
        "not op_mini all"
      ],
      "development": [
        "last 1 chrome version",
        "last 1 firefox version",
        "last 1 safari version"
      ]
    }
  }

yarn manifest: 
  No manifest

Lockfile: 
  No lockfile
